Determining if the pthread_create exist failed with the following output:
Change Dir: /home/albert/workSpace/elised-plusplus/build/CMakeFiles/CMakeTmp

Run Build Command:"/usr/bin/make" "cmTC_59cb7/fast"
/usr/bin/make -f CMakeFiles/cmTC_59cb7.dir/build.make CMakeFiles/cmTC_59cb7.dir/build
make[1]: 进入目录“/home/albert/workSpace/elised-plusplus/build/CMakeFiles/CMakeTmp”
Building C object CMakeFiles/cmTC_59cb7.dir/CheckSymbolExists.c.o
/usr/bin/cc    -o CMakeFiles/cmTC_59cb7.dir/CheckSymbolExists.c.o   -c /home/albert/workSpace/elised-plusplus/build/CMakeFiles/CMakeTmp/CheckSymbolExists.c
Linking C executable cmTC_59cb7
/usr/bin/cmake -E cmake_link_script CMakeFiles/cmTC_59cb7.dir/link.txt --verbose=1
/usr/bin/cc      -rdynamic CMakeFiles/cmTC_59cb7.dir/CheckSymbolExists.c.o  -o cmTC_59cb7 
CMakeFiles/cmTC_59cb7.dir/CheckSymbolExists.c.o：在函数‘main’中：
CheckSymbolExists.c:(.text+0x1b)：对‘pthread_create’未定义的引用
collect2: error: ld returned 1 exit status
CMakeFiles/cmTC_59cb7.dir/build.make:97: recipe for target 'cmTC_59cb7' failed
make[1]: *** [cmTC_59cb7] Error 1
make[1]: 离开目录“/home/albert/workSpace/elised-plusplus/build/CMakeFiles/CMakeTmp”
Makefile:126: recipe for target 'cmTC_59cb7/fast' failed
make: *** [cmTC_59cb7/fast] Error 2

File /home/albert/workSpace/elised-plusplus/build/CMakeFiles/CMakeTmp/CheckSymbolExists.c:
/* */
#include <pthread.h>

int main(int argc, char** argv)
{
  (void)argv;
#ifndef pthread_create
  return ((int*)(&pthread_create))[argc];
#else
  (void)argc;
  return 0;
#endif
}

Determining if the function pthread_create exists in the pthreads failed with the following output:
Change Dir: /home/albert/workSpace/elised-plusplus/build/CMakeFiles/CMakeTmp

Run Build Command:"/usr/bin/make" "cmTC_0383b/fast"
/usr/bin/make -f CMakeFiles/cmTC_0383b.dir/build.make CMakeFiles/cmTC_0383b.dir/build
make[1]: 进入目录“/home/albert/workSpace/elised-plusplus/build/CMakeFiles/CMakeTmp”
Building C object CMakeFiles/cmTC_0383b.dir/CheckFunctionExists.c.o
/usr/bin/cc   -DCHECK_FUNCTION_EXISTS=pthread_create   -o CMakeFiles/cmTC_0383b.dir/CheckFunctionExists.c.o   -c /usr/share/cmake-3.10/Modules/CheckFunctionExists.c
Linking C executable cmTC_0383b
/usr/bin/cmake -E cmake_link_script CMakeFiles/cmTC_0383b.dir/link.txt --verbose=1
/usr/bin/cc  -DCHECK_FUNCTION_EXISTS=pthread_create    -rdynamic CMakeFiles/cmTC_0383b.dir/CheckFunctionExists.c.o  -o cmTC_0383b -lpthreads 
/usr/bin/ld: 找不到 -lpthreads
collect2: error: ld returned 1 exit status
CMakeFiles/cmTC_0383b.dir/build.make:97: recipe for target 'cmTC_0383b' failed
make[1]: *** [cmTC_0383b] Error 1
make[1]: 离开目录“/home/albert/workSpace/elised-plusplus/build/CMakeFiles/CMakeTmp”
Makefile:126: recipe for target 'cmTC_0383b/fast' failed
make: *** [cmTC_0383b/fast] Error 2


